<?xml version="1.0" encoding="UTF-8"?>
<testsuite xmlns:xsi="http://www.w3.org/2001/XMLSchema-instance" xsi:noNamespaceSchemaLocation="https://maven.apache.org/surefire/maven-surefire-plugin/xsd/surefire-test-report.xsd" name="com.ryanbourdais.AppTest" time="0.029" tests="5" errors="0" skipped="0" failures="0">
  <properties>
    <property name="java.specification.version" value="17"/>
    <property name="sun.jnu.encoding" value="UTF-8"/>
    <property name="java.class.path" value="/Users/ryanbourdais/repos/maven-orb/sample_app2/target/test-classes:/Users/ryanbourdais/repos/maven-orb/sample_app2/target/classes:/Users/ryanbourdais/.m2/repository/junit/junit/4.11/junit-4.11.jar:/Users/ryanbourdais/.m2/repository/org/hamcrest/hamcrest-core/1.3/hamcrest-core-1.3.jar:"/>
    <property name="java.vm.vendor" value="Oracle Corporation"/>
    <property name="sun.arch.data.model" value="64"/>
    <property name="java.vendor.url" value="https://java.oracle.com/"/>
    <property name="os.name" value="Mac OS X"/>
    <property name="java.vm.specification.version" value="17"/>
    <property name="sun.java.launcher" value="SUN_STANDARD"/>
    <property name="user.country" value="US"/>
    <property name="sun.boot.library.path" value="/Library/Java/JavaVirtualMachines/jdk-17.jdk/Contents/Home/lib"/>
    <property name="sun.java.command" value="/Users/ryanbourdais/repos/maven-orb/sample_app2/target/surefire/surefirebooter3954166241236857572.jar /Users/ryanbourdais/repos/maven-orb/sample_app2/target/surefire 2023-05-23T14-56-08_916-jvmRun1 surefire655206793947922200tmp surefire_0172143345091936475tmp"/>
    <property name="jdk.debug" value="release"/>
    <property name="surefire.test.class.path" value="/Users/ryanbourdais/repos/maven-orb/sample_app2/target/test-classes:/Users/ryanbourdais/repos/maven-orb/sample_app2/target/classes:/Users/ryanbourdais/.m2/repository/junit/junit/4.11/junit-4.11.jar:/Users/ryanbourdais/.m2/repository/org/hamcrest/hamcrest-core/1.3/hamcrest-core-1.3.jar:"/>
    <property name="sun.cpu.endian" value="little"/>
    <property name="user.home" value="/Users/ryanbourdais"/>
    <property name="user.language" value="en"/>
    <property name="java.specification.vendor" value="Oracle Corporation"/>
    <property name="java.version.date" value="2023-01-17"/>
    <property name="java.home" value="/Library/Java/JavaVirtualMachines/jdk-17.jdk/Contents/Home"/>
    <property name="file.separator" value="/"/>
    <property name="basedir" value="/Users/ryanbourdais/repos/maven-orb/sample_app2"/>
    <property name="java.vm.compressedOopsMode" value="Zero based"/>
    <property name="line.separator" value="&#10;"/>
    <property name="java.vm.specification.vendor" value="Oracle Corporation"/>
    <property name="java.specification.name" value="Java Platform API Specification"/>
    <property name="surefire.real.class.path" value="/Users/ryanbourdais/repos/maven-orb/sample_app2/target/surefire/surefirebooter3954166241236857572.jar"/>
    <property name="sun.management.compiler" value="HotSpot 64-Bit Tiered Compilers"/>
    <property name="java.runtime.version" value="17.0.6+9-LTS-190"/>
    <property name="user.name" value="ryanbourdais"/>
    <property name="path.separator" value=":"/>
    <property name="os.version" value="13.3.1"/>
    <property name="java.runtime.name" value="Java(TM) SE Runtime Environment"/>
    <property name="file.encoding" value="UTF-8"/>
    <property name="java.vm.name" value="Java HotSpot(TM) 64-Bit Server VM"/>
    <property name="localRepository" value="/Users/ryanbourdais/.m2/repository"/>
    <property name="java.vendor.url.bug" value="https://bugreport.java.com/bugreport/"/>
    <property name="java.io.tmpdir" value="/var/folders/jy/pntx3y4s7w9gszsv_4f7f0yc0000gn/T/"/>
    <property name="java.version" value="17.0.6"/>
    <property name="user.dir" value="/Users/ryanbourdais/repos/maven-orb/sample_app2"/>
    <property name="os.arch" value="x86_64"/>
    <property name="java.vm.specification.name" value="Java Virtual Machine Specification"/>
    <property name="native.encoding" value="UTF-8"/>
    <property name="java.library.path" value="/Users/ryanbourdais/Library/Java/Extensions:/Library/Java/Extensions:/Network/Library/Java/Extensions:/System/Library/Java/Extensions:/usr/lib/java:."/>
    <property name="java.vm.info" value="mixed mode, sharing"/>
    <property name="java.vendor" value="Oracle Corporation"/>
    <property name="java.vm.version" value="17.0.6+9-LTS-190"/>
    <property name="sun.io.unicode.encoding" value="UnicodeBig"/>
    <property name="java.class.version" value="61.0"/>
  </properties>
  <testcase name="DivisionTest" classname="com.ryanbourdais.AppTest" time="0.002"/>
  <testcase name="shouldAnswerWithTrue" classname="com.ryanbourdais.AppTest" time="0"/>
  <testcase name="shouldEqualTwentyOne" classname="com.ryanbourdais.AppTest" time="0"/>
  <testcase name="shouldEqualThree" classname="com.ryanbourdais.AppTest" time="0"/>
  <testcase name="shouldEqualFive" classname="com.ryanbourdais.AppTest" time="0"/>
</testsuite>